2015-11-10 15:26:56 10fc InnoDB: Warning: Using innodb_additional_mem_pool_size is DEPRECATED. This option may be removed in future releases, together with the option innodb_use_sys_malloc and with the InnoDB's internal memory allocator.
2015-11-10 15:26:56 4348 [Note] InnoDB: Using mutexes to ref count buffer pool pages
2015-11-10 15:26:56 4348 [Note] InnoDB: The InnoDB memory heap is disabled
2015-11-10 15:26:56 4348 [Note] InnoDB: Mutexes and rw_locks use Windows interlocked functions
2015-11-10 15:26:56 4348 [Note] InnoDB: Memory barrier is not used
2015-11-10 15:26:56 4348 [Note] InnoDB: Compressed tables use zlib 1.2.3
2015-11-10 15:26:56 4348 [Note] InnoDB: Not using CPU crc32 instructions
2015-11-10 15:26:56 4348 [Note] InnoDB: Initializing buffer pool, size = 16.0M
2015-11-10 15:26:56 4348 [Note] InnoDB: Completed initialization of buffer pool
2015-11-10 15:26:56 4348 [Note] InnoDB: Highest supported file format is Barracuda.
2015-11-10 15:26:57 4348 [Note] InnoDB: 128 rollback segment(s) are active.
2015-11-10 15:26:57 4348 [Note] InnoDB: Waiting for purge to start
2015-11-10 15:26:57 4348 [Note] InnoDB:  Percona XtraDB (http://www.percona.com) 5.6.26-74.0 started; log sequence number 1835027
2015-11-10 15:26:57 6140 [Note] InnoDB: Dumping buffer pool(s) not yet started
2015-11-10 15:26:57 4348 [Note] Plugin 'FEEDBACK' is disabled.
2015-11-10 15:26:57 4348 [Note] Server socket created on IP: '::'.
2015-11-10 15:26:57 4348 [Note] Event Scheduler: Loaded 0 events
2015-11-10 15:26:57 4348 [Note] C:\xampp\mysql\bin\mysqld.exe: ready for connections.
Version: '10.1.8-MariaDB'  socket: ''  port: 3306  mariadb.org binary distribution
2015-11-10 15:27:11 5152 [Note] C:\xampp\mysql\bin\mysqld.exe: Normal shutdown

2015-11-10 15:27:11 5152 [Note] Event Scheduler: Purging the queue. 0 events
2015-11-10 15:27:11 5732 [Note] InnoDB: FTS optimize thread exiting.
2015-11-10 15:27:11 5152 [Note] InnoDB: Starting shutdown...
2015-11-10 15:27:13 5152 [Note] InnoDB: Shutdown completed; log sequence number 1835037
2015-11-10 15:27:13 5152 [Note] C:\xampp\mysql\bin\mysqld.exe: Shutdown complete

2019-01-13 12:34:59 3908 InnoDB: Warning: Using innodb_additional_mem_pool_size is DEPRECATED. This option may be removed in future releases, together with the option innodb_use_sys_malloc and with the InnoDB's internal memory allocator.
2019-01-13 12:34:59 14600 [Note] InnoDB: innodb_empty_free_list_algorithm has been changed to legacy because of small buffer pool size. In order to use backoff, increase buffer pool at least up to 20MB.

2019-01-13 12:34:59 14600 [Note] InnoDB: Using mutexes to ref count buffer pool pages
2019-01-13 12:34:59 14600 [Note] InnoDB: The InnoDB memory heap is disabled
2019-01-13 12:34:59 14600 [Note] InnoDB: Mutexes and rw_locks use Windows interlocked functions
2019-01-13 12:34:59 14600 [Note] InnoDB: _mm_lfence() and _mm_sfence() are used for memory barrier
2019-01-13 12:34:59 14600 [Note] InnoDB: Compressed tables use zlib 1.2.11
2019-01-13 12:34:59 14600 [Note] InnoDB: Using generic crc32 instructions
2019-01-13 12:34:59 14600 [Note] InnoDB: Initializing buffer pool, size = 16.0M
2019-01-13 12:34:59 14600 [Note] InnoDB: Completed initialization of buffer pool
2019-01-13 12:34:59 14600 [Note] InnoDB: Highest supported file format is Barracuda.
2019-01-13 12:35:00 14600 [Note] InnoDB: 128 rollback segment(s) are active.
2019-01-13 12:35:00 14600 [Note] InnoDB: Waiting for purge to start
2019-01-13 12:35:00 14600 [Note] InnoDB:  Percona XtraDB (http://www.percona.com) 5.6.41-84.1 started; log sequence number 1835037
2019-01-13 12:35:00 17912 [Note] InnoDB: Dumping buffer pool(s) not yet started
2019-01-13 12:35:00 14600 [Note] Plugin 'FEEDBACK' is disabled.
2019-01-13 12:35:00 14600 [Note] Server socket created on IP: '::'.
2019-01-13 12:35:00 14600 [Note] g:\php\xampp\mysql\bin\mysqld.exe: ready for connections.
Version: '10.1.37-MariaDB'  socket: ''  port: 3306  mariadb.org binary distribution
2019-01-13 12:59:27 8976 [ERROR] Incorrect definition of table mysql.column_stats: expected column 'min_value' at position 3 to have type varbinary(255), found type varchar(255).
2019-01-13 12:59:27 8976 [ERROR] Incorrect definition of table mysql.column_stats: expected column 'max_value' at position 4 to have type varbinary(255), found type varchar(255).
2019-01-13 12:59:43 16892 [ERROR] Incorrect definition of table mysql.column_stats: expected column 'min_value' at position 3 to have type varbinary(255), found type varchar(255).
2019-01-13 12:59:43 16892 [ERROR] Incorrect definition of table mysql.column_stats: expected column 'max_value' at position 4 to have type varbinary(255), found type varchar(255).
2019-01-13 13:00:08 3710 InnoDB: Warning: Using innodb_additional_mem_pool_size is DEPRECATED. This option may be removed in future releases, together with the option innodb_use_sys_malloc and with the InnoDB's internal memory allocator.
2019-01-13 13:00:08 14096 [Note] InnoDB: innodb_empty_free_list_algorithm has been changed to legacy because of small buffer pool size. In order to use backoff, increase buffer pool at least up to 20MB.

2019-01-13 13:00:08 14096 [Note] InnoDB: Using mutexes to ref count buffer pool pages
2019-01-13 13:00:08 14096 [Note] InnoDB: The InnoDB memory heap is disabled
2019-01-13 13:00:08 14096 [Note] InnoDB: Mutexes and rw_locks use Windows interlocked functions
2019-01-13 13:00:08 14096 [Note] InnoDB: _mm_lfence() and _mm_sfence() are used for memory barrier
2019-01-13 13:00:08 14096 [Note] InnoDB: Compressed tables use zlib 1.2.11
2019-01-13 13:00:08 14096 [Note] InnoDB: Using generic crc32 instructions
2019-01-13 13:00:08 14096 [Note] InnoDB: Initializing buffer pool, size = 16.0M
2019-01-13 13:00:08 14096 [Note] InnoDB: Completed initialization of buffer pool
2019-01-13 13:00:08 14096 [Note] InnoDB: Highest supported file format is Barracuda.
2019-01-13 13:00:08 14096 [Note] InnoDB: The log sequence number 1835037 in ibdata file do not match the log sequence number 1850902 in the ib_logfiles!
2019-01-13 13:00:08 14096 [Note] InnoDB: Restoring possible half-written data pages from the doublewrite buffer...
2019-01-13 13:00:09 14096 [Note] InnoDB: 128 rollback segment(s) are active.
2019-01-13 13:00:09 14096 [Note] InnoDB: Waiting for purge to start
2019-01-13 13:00:09 14096 [Note] InnoDB:  Percona XtraDB (http://www.percona.com) 5.6.41-84.1 started; log sequence number 1850902
2019-01-13 13:00:09 20976 [Note] InnoDB: Dumping buffer pool(s) not yet started
2019-01-13 13:00:09 14096 [Note] Plugin 'FEEDBACK' is disabled.
2019-01-13 13:00:09 14096 [Note] Server socket created on IP: '::'.
2019-01-13 13:00:09 14096 [Note] g:\php\xampp\mysql\bin\mysqld.exe: ready for connections.
Version: '10.1.37-MariaDB'  socket: ''  port: 3306  mariadb.org binary distribution
2019-01-15 09:41:27 1db8 InnoDB: Warning: Using innodb_additional_mem_pool_size is DEPRECATED. This option may be removed in future releases, together with the option innodb_use_sys_malloc and with the InnoDB's internal memory allocator.
2019-01-15  9:41:27 7608 [Note] InnoDB: innodb_empty_free_list_algorithm has been changed to legacy because of small buffer pool size. In order to use backoff, increase buffer pool at least up to 20MB.

2019-01-15  9:41:27 7608 [Note] InnoDB: Using mutexes to ref count buffer pool pages
2019-01-15  9:41:27 7608 [Note] InnoDB: The InnoDB memory heap is disabled
2019-01-15  9:41:27 7608 [Note] InnoDB: Mutexes and rw_locks use Windows interlocked functions
2019-01-15  9:41:27 7608 [Note] InnoDB: _mm_lfence() and _mm_sfence() are used for memory barrier
2019-01-15  9:41:27 7608 [Note] InnoDB: Compressed tables use zlib 1.2.11
2019-01-15  9:41:27 7608 [Note] InnoDB: Using generic crc32 instructions
2019-01-15  9:41:28 7608 [Note] InnoDB: Initializing buffer pool, size = 16.0M
2019-01-15  9:41:28 7608 [Note] InnoDB: Completed initialization of buffer pool
2019-01-15  9:41:28 7608 [Note] InnoDB: Highest supported file format is Barracuda.
2019-01-15  9:41:28 7608 [Note] InnoDB: The log sequence number 1835037 in ibdata file do not match the log sequence number 1886528 in the ib_logfiles!
2019-01-15  9:41:28 7608 [Note] InnoDB: Restoring possible half-written data pages from the doublewrite buffer...
2019-01-15  9:41:30 7608 [Note] InnoDB: 128 rollback segment(s) are active.
2019-01-15  9:41:30 7608 [Note] InnoDB: Waiting for purge to start
2019-01-15  9:41:30 7608 [Note] InnoDB:  Percona XtraDB (http://www.percona.com) 5.6.41-84.1 started; log sequence number 1886528
2019-01-15  9:41:30 14212 [Note] InnoDB: Dumping buffer pool(s) not yet started
2019-01-15  9:41:30 7608 [Note] Plugin 'FEEDBACK' is disabled.
2019-01-15  9:41:30 7608 [Note] Server socket created on IP: '::'.
2019-01-15  9:41:30 7608 [Note] g:\php\xampp\mysql\bin\mysqld.exe: ready for connections.
Version: '10.1.37-MariaDB'  socket: ''  port: 3306  mariadb.org binary distribution
2019-01-15 11:44:55 4aa0 InnoDB: Warning: Using innodb_additional_mem_pool_size is DEPRECATED. This option may be removed in future releases, together with the option innodb_use_sys_malloc and with the InnoDB's internal memory allocator.
2019-01-15 11:44:55 19104 [Note] InnoDB: innodb_empty_free_list_algorithm has been changed to legacy because of small buffer pool size. In order to use backoff, increase buffer pool at least up to 20MB.

2019-01-15 11:44:55 19104 [Note] InnoDB: Using mutexes to ref count buffer pool pages
2019-01-15 11:44:55 19104 [Note] InnoDB: The InnoDB memory heap is disabled
2019-01-15 11:44:55 19104 [Note] InnoDB: Mutexes and rw_locks use Windows interlocked functions
2019-01-15 11:44:55 19104 [Note] InnoDB: _mm_lfence() and _mm_sfence() are used for memory barrier
2019-01-15 11:44:55 19104 [Note] InnoDB: Compressed tables use zlib 1.2.11
2019-01-15 11:44:55 19104 [Note] InnoDB: Using generic crc32 instructions
2019-01-15 11:44:55 19104 [Note] InnoDB: Initializing buffer pool, size = 16.0M
2019-01-15 11:44:55 19104 [Note] InnoDB: Completed initialization of buffer pool
2019-01-15 11:44:56 19104 [Note] InnoDB: Highest supported file format is Barracuda.
2019-01-15 11:44:56 19104 [Note] InnoDB: The log sequence number 1835037 in ibdata file do not match the log sequence number 1903731 in the ib_logfiles!
2019-01-15 11:44:57 19104 [Note] InnoDB: Restoring possible half-written data pages from the doublewrite buffer...
2019-01-15 11:44:57 19104 [Note] InnoDB: 128 rollback segment(s) are active.
2019-01-15 11:44:57 19104 [Note] InnoDB: Waiting for purge to start
2019-01-15 11:44:57 19104 [Note] InnoDB:  Percona XtraDB (http://www.percona.com) 5.6.41-84.1 started; log sequence number 1903731
2019-01-15 11:44:57 4252 [Note] InnoDB: Dumping buffer pool(s) not yet started
2019-01-15 11:44:57 19104 [Note] Plugin 'FEEDBACK' is disabled.
2019-01-15 11:44:57 19104 [Note] Server socket created on IP: '::'.
2019-01-15 11:44:58 19104 [Note] g:\php\xampp\mysql\bin\mysqld.exe: ready for connections.
Version: '10.1.37-MariaDB'  socket: ''  port: 3306  mariadb.org binary distribution
2019-01-15 12:03:31 11168 [ERROR] Incorrect definition of table mysql.column_stats: expected column 'min_value' at position 3 to have type varbinary(255), found type varchar(255).
2019-01-15 12:03:31 11168 [ERROR] Incorrect definition of table mysql.column_stats: expected column 'max_value' at position 4 to have type varbinary(255), found type varchar(255).
2019-01-15 17:16:22 4f58 InnoDB: Warning: Using innodb_additional_mem_pool_size is DEPRECATED. This option may be removed in future releases, together with the option innodb_use_sys_malloc and with the InnoDB's internal memory allocator.
2019-01-15 17:16:22 20312 [Note] InnoDB: innodb_empty_free_list_algorithm has been changed to legacy because of small buffer pool size. In order to use backoff, increase buffer pool at least up to 20MB.

2019-01-15 17:16:22 20312 [Note] InnoDB: Using mutexes to ref count buffer pool pages
2019-01-15 17:16:22 20312 [Note] InnoDB: The InnoDB memory heap is disabled
2019-01-15 17:16:22 20312 [Note] InnoDB: Mutexes and rw_locks use Windows interlocked functions
2019-01-15 17:16:22 20312 [Note] InnoDB: _mm_lfence() and _mm_sfence() are used for memory barrier
2019-01-15 17:16:22 20312 [Note] InnoDB: Compressed tables use zlib 1.2.11
2019-01-15 17:16:22 20312 [Note] InnoDB: Using generic crc32 instructions
2019-01-15 17:16:22 20312 [Note] InnoDB: Initializing buffer pool, size = 16.0M
2019-01-15 17:16:22 20312 [Note] InnoDB: Completed initialization of buffer pool
2019-01-15 17:16:23 20312 [Note] InnoDB: Highest supported file format is Barracuda.
2019-01-15 17:16:23 20312 [Note] InnoDB: The log sequence number 1835037 in ibdata file do not match the log sequence number 1944969 in the ib_logfiles!
2019-01-15 17:16:23 20312 [Note] InnoDB: Restoring possible half-written data pages from the doublewrite buffer...
2019-01-15 17:16:24 20312 [Note] InnoDB: 128 rollback segment(s) are active.
2019-01-15 17:16:24 20312 [Note] InnoDB: Waiting for purge to start
2019-01-15 17:16:24 20312 [Note] InnoDB:  Percona XtraDB (http://www.percona.com) 5.6.41-84.1 started; log sequence number 1944969
2019-01-15 17:16:24 11440 [Note] InnoDB: Dumping buffer pool(s) not yet started
2019-01-15 17:16:24 20312 [Note] Plugin 'FEEDBACK' is disabled.
2019-01-15 17:16:24 20312 [Note] Server socket created on IP: '::'.
2019-01-15 17:16:24 20312 [Note] g:\php\xampp\mysql\bin\mysqld.exe: ready for connections.
Version: '10.1.37-MariaDB'  socket: ''  port: 3306  mariadb.org binary distribution
2019-01-15 17:21:18 18bc InnoDB: Warning: Using innodb_additional_mem_pool_size is DEPRECATED. This option may be removed in future releases, together with the option innodb_use_sys_malloc and with the InnoDB's internal memory allocator.
2019-01-15 17:21:18 6332 [Note] InnoDB: innodb_empty_free_list_algorithm has been changed to legacy because of small buffer pool size. In order to use backoff, increase buffer pool at least up to 20MB.

2019-01-15 17:21:18 6332 [Note] InnoDB: Using mutexes to ref count buffer pool pages
2019-01-15 17:21:18 6332 [Note] InnoDB: The InnoDB memory heap is disabled
2019-01-15 17:21:18 6332 [Note] InnoDB: Mutexes and rw_locks use Windows interlocked functions
2019-01-15 17:21:18 6332 [Note] InnoDB: _mm_lfence() and _mm_sfence() are used for memory barrier
2019-01-15 17:21:18 6332 [Note] InnoDB: Compressed tables use zlib 1.2.11
2019-01-15 17:21:18 6332 [Note] InnoDB: Using generic crc32 instructions
2019-01-15 17:21:18 6332 [Note] InnoDB: Initializing buffer pool, size = 16.0M
2019-01-15 17:21:18 6332 [Note] InnoDB: Completed initialization of buffer pool
2019-01-15 17:21:18 6332 [Note] InnoDB: Highest supported file format is Barracuda.
2019-01-15 17:21:18 6332 [Note] InnoDB: The log sequence number 1835037 in ibdata file do not match the log sequence number 1945192 in the ib_logfiles!
2019-01-15 17:21:18 6332 [Note] InnoDB: Restoring possible half-written data pages from the doublewrite buffer...
2019-01-15 17:21:19 6332 [Note] InnoDB: 128 rollback segment(s) are active.
2019-01-15 17:21:19 6332 [Note] InnoDB: Waiting for purge to start
2019-01-15 17:21:19 6332 [Note] InnoDB:  Percona XtraDB (http://www.percona.com) 5.6.41-84.1 started; log sequence number 1945192
2019-01-15 17:21:19 23112 [Note] InnoDB: Dumping buffer pool(s) not yet started
2019-01-15 17:21:19 6332 [Note] Plugin 'FEEDBACK' is disabled.
2019-01-15 17:21:19 6332 [Note] Server socket created on IP: '::'.
2019-01-15 17:21:19 6332 [Note] g:\php\xampp\mysql\bin\mysqld.exe: ready for connections.
Version: '10.1.37-MariaDB'  socket: ''  port: 3306  mariadb.org binary distribution
