[Sun Jan 13 12:34:55.640844 2019] [ssl:warn] [pid 11792:tid 708] AH01909: www.example.com:443:0 server certificate does NOT include an ID which matches the server name
[Sun Jan 13 12:34:55.694892 2019] [ssl:warn] [pid 11792:tid 708] AH01909: www.example.com:443:0 server certificate does NOT include an ID which matches the server name
[Sun Jan 13 12:34:56.470675 2019] [mpm_winnt:notice] [pid 11792:tid 708] AH00455: Apache/2.4.37 (Win32) OpenSSL/1.1.1 PHP/7.2.12 configured -- resuming normal operations
[Sun Jan 13 12:34:56.470675 2019] [mpm_winnt:notice] [pid 11792:tid 708] AH00456: Apache Lounge VC15 Server built: Oct 18 2018 17:16:04
[Sun Jan 13 12:34:56.470675 2019] [core:notice] [pid 11792:tid 708] AH00094: Command line: 'g:\\php\\xampp\\apache\\bin\\httpd.exe -d G:/PHP/xampp/apache'
[Sun Jan 13 12:34:56.488691 2019] [mpm_winnt:notice] [pid 11792:tid 708] AH00418: Parent: Created child process 11004
[Sun Jan 13 12:34:57.173312 2019] [ssl:warn] [pid 11004:tid 720] AH01909: www.example.com:443:0 server certificate does NOT include an ID which matches the server name
[Sun Jan 13 12:34:57.227361 2019] [ssl:warn] [pid 11004:tid 720] AH01909: www.example.com:443:0 server certificate does NOT include an ID which matches the server name
[Sun Jan 13 12:34:57.257389 2019] [mpm_winnt:notice] [pid 11004:tid 720] AH00354: Child: Starting 150 worker threads.
[Sun Jan 13 13:00:07.473122 2019] [ssl:warn] [pid 8092:tid 732] AH01909: www.example.com:443:0 server certificate does NOT include an ID which matches the server name
[Sun Jan 13 13:00:07.524179 2019] [core:warn] [pid 8092:tid 732] AH00098: pid file G:/PHP/xampp/apache/logs/httpd.pid overwritten -- Unclean shutdown of previous Apache run?
[Sun Jan 13 13:00:07.526181 2019] [ssl:warn] [pid 8092:tid 732] AH01909: www.example.com:443:0 server certificate does NOT include an ID which matches the server name
[Sun Jan 13 13:00:07.554206 2019] [mpm_winnt:notice] [pid 8092:tid 732] AH00455: Apache/2.4.37 (Win32) OpenSSL/1.1.1 PHP/7.2.12 configured -- resuming normal operations
[Sun Jan 13 13:00:07.554206 2019] [mpm_winnt:notice] [pid 8092:tid 732] AH00456: Apache Lounge VC15 Server built: Oct 18 2018 17:16:04
[Sun Jan 13 13:00:07.554206 2019] [core:notice] [pid 8092:tid 732] AH00094: Command line: 'g:\\php\\xampp\\apache\\bin\\httpd.exe -d G:/PHP/xampp/apache'
[Sun Jan 13 13:00:07.565216 2019] [mpm_winnt:notice] [pid 8092:tid 732] AH00418: Parent: Created child process 13200
[Sun Jan 13 13:00:08.181178 2019] [ssl:warn] [pid 13200:tid 736] AH01909: www.example.com:443:0 server certificate does NOT include an ID which matches the server name
[Sun Jan 13 13:00:08.217211 2019] [ssl:warn] [pid 13200:tid 736] AH01909: www.example.com:443:0 server certificate does NOT include an ID which matches the server name
[Sun Jan 13 13:00:08.245236 2019] [mpm_winnt:notice] [pid 13200:tid 736] AH00354: Child: Starting 150 worker threads.
[Tue Jan 15 09:41:30.158452 2019] [ssl:warn] [pid 8480:tid 716] AH01909: www.example.com:443:0 server certificate does NOT include an ID which matches the server name
[Tue Jan 15 09:41:30.219540 2019] [core:warn] [pid 8480:tid 716] AH00098: pid file G:/PHP/xampp/apache/logs/httpd.pid overwritten -- Unclean shutdown of previous Apache run?
[Tue Jan 15 09:41:30.222551 2019] [ssl:warn] [pid 8480:tid 716] AH01909: www.example.com:443:0 server certificate does NOT include an ID which matches the server name
[Tue Jan 15 09:41:31.204768 2019] [mpm_winnt:notice] [pid 8480:tid 716] AH00455: Apache/2.4.37 (Win32) OpenSSL/1.1.1 PHP/7.2.12 configured -- resuming normal operations
[Tue Jan 15 09:41:31.204768 2019] [mpm_winnt:notice] [pid 8480:tid 716] AH00456: Apache Lounge VC15 Server built: Oct 18 2018 17:16:04
[Tue Jan 15 09:41:31.204768 2019] [core:notice] [pid 8480:tid 716] AH00094: Command line: 'g:\\php\\xampp\\apache\\bin\\httpd.exe -d G:/PHP/xampp/apache'
[Tue Jan 15 09:41:31.213766 2019] [mpm_winnt:notice] [pid 8480:tid 716] AH00418: Parent: Created child process 18424
[Tue Jan 15 09:41:31.711016 2019] [ssl:warn] [pid 18424:tid 724] AH01909: www.example.com:443:0 server certificate does NOT include an ID which matches the server name
[Tue Jan 15 09:41:31.792126 2019] [ssl:warn] [pid 18424:tid 724] AH01909: www.example.com:443:0 server certificate does NOT include an ID which matches the server name
[Tue Jan 15 09:41:31.821143 2019] [mpm_winnt:notice] [pid 18424:tid 724] AH00354: Child: Starting 150 worker threads.
[Tue Jan 15 11:44:56.563644 2019] [ssl:warn] [pid 14540:tid 676] AH01909: www.example.com:443:0 server certificate does NOT include an ID which matches the server name
[Tue Jan 15 11:44:56.606822 2019] [core:warn] [pid 14540:tid 676] AH00098: pid file G:/PHP/xampp/apache/logs/httpd.pid overwritten -- Unclean shutdown of previous Apache run?
[Tue Jan 15 11:44:56.609835 2019] [ssl:warn] [pid 14540:tid 676] AH01909: www.example.com:443:0 server certificate does NOT include an ID which matches the server name
[Tue Jan 15 11:44:57.153182 2019] [mpm_winnt:notice] [pid 14540:tid 676] AH00455: Apache/2.4.37 (Win32) OpenSSL/1.1.1 PHP/7.2.12 configured -- resuming normal operations
[Tue Jan 15 11:44:57.153182 2019] [mpm_winnt:notice] [pid 14540:tid 676] AH00456: Apache Lounge VC15 Server built: Oct 18 2018 17:16:04
[Tue Jan 15 11:44:57.153182 2019] [core:notice] [pid 14540:tid 676] AH00094: Command line: 'g:\\php\\xampp\\apache\\bin\\httpd.exe -d G:/PHP/xampp/apache'
[Tue Jan 15 11:44:57.163191 2019] [mpm_winnt:notice] [pid 14540:tid 676] AH00418: Parent: Created child process 21056
[Tue Jan 15 11:44:57.651682 2019] [ssl:warn] [pid 21056:tid 708] AH01909: www.example.com:443:0 server certificate does NOT include an ID which matches the server name
[Tue Jan 15 11:44:57.691717 2019] [ssl:warn] [pid 21056:tid 708] AH01909: www.example.com:443:0 server certificate does NOT include an ID which matches the server name
[Tue Jan 15 11:44:57.719743 2019] [mpm_winnt:notice] [pid 21056:tid 708] AH00354: Child: Starting 150 worker threads.
[Tue Jan 15 12:40:43.802503 2019] [php7:crit] [pid 21056:tid 1972] [client ::1:50385] PHP Parse error:  syntax error, unexpected '}' in G:\\PHP\\xampp\\htdocs\\registrierung\\server.php on line 36, referer: http://localhost/registrierung/login.php
[Tue Jan 15 12:41:07.098075 2019] [php7:notice] [pid 21056:tid 1940] [client ::1:50428] PHP Notice:  Undefined variable: errors in G:\\PHP\\xampp\\htdocs\\registrierung\\errors.php on line 1, referer: http://localhost/registrierung/login.php
[Tue Jan 15 12:41:07.098075 2019] [php7:warn] [pid 21056:tid 1940] [client ::1:50428] PHP Warning:  count(): Parameter must be an array or an object that implements Countable in G:\\PHP\\xampp\\htdocs\\registrierung\\errors.php on line 1, referer: http://localhost/registrierung/login.php
[Tue Jan 15 12:42:04.056553 2019] [php7:notice] [pid 21056:tid 1972] [client ::1:50543] PHP Notice:  Undefined variable: errors in G:\\PHP\\xampp\\htdocs\\registrierung\\errors.php on line 1, referer: http://localhost/registrierung/login.php
[Tue Jan 15 12:42:04.057563 2019] [php7:warn] [pid 21056:tid 1972] [client ::1:50543] PHP Warning:  count(): Parameter must be an array or an object that implements Countable in G:\\PHP\\xampp\\htdocs\\registrierung\\errors.php on line 1, referer: http://localhost/registrierung/login.php
[Tue Jan 15 12:42:06.462807 2019] [php7:error] [pid 21056:tid 1972] [client ::1:50543] PHP Fatal error:  Uncaught Error: Call to undefined function mysql_real_escape_string() in G:\\PHP\\xampp\\htdocs\\registrierung\\server.php:7\nStack trace:\n#0 G:\\PHP\\xampp\\htdocs\\registrierung\\register.php(1): include()\n#1 {main}\n  thrown in G:\\PHP\\xampp\\htdocs\\registrierung\\server.php on line 7, referer: http://localhost/registrierung/register.php
[Tue Jan 15 12:42:09.415715 2019] [php7:notice] [pid 21056:tid 1972] [client ::1:50543] PHP Notice:  Undefined variable: errors in G:\\PHP\\xampp\\htdocs\\registrierung\\errors.php on line 1, referer: http://localhost/registrierung/login.php
[Tue Jan 15 12:42:09.415715 2019] [php7:warn] [pid 21056:tid 1972] [client ::1:50543] PHP Warning:  count(): Parameter must be an array or an object that implements Countable in G:\\PHP\\xampp\\htdocs\\registrierung\\errors.php on line 1, referer: http://localhost/registrierung/login.php
[Tue Jan 15 12:42:17.512677 2019] [php7:crit] [pid 21056:tid 1940] [client ::1:50578] PHP Parse error:  syntax error, unexpected 'endforeach' (T_ENDFOREACH), expecting end of file in G:\\PHP\\xampp\\htdocs\\registrierung\\errors.php on line 5, referer: http://localhost/registrierung/login.php
[Tue Jan 15 12:42:34.802111 2019] [php7:notice] [pid 21056:tid 1972] [client ::1:50627] PHP Notice:  Undefined variable: errors in G:\\PHP\\xampp\\htdocs\\registrierung\\errors.php on line 1, referer: http://localhost/registrierung/login.php
[Tue Jan 15 12:42:34.802111 2019] [php7:warn] [pid 21056:tid 1972] [client ::1:50627] PHP Warning:  count(): Parameter must be an array or an object that implements Countable in G:\\PHP\\xampp\\htdocs\\registrierung\\errors.php on line 1, referer: http://localhost/registrierung/login.php
[Tue Jan 15 12:43:12.095872 2019] [php7:notice] [pid 21056:tid 1940] [client ::1:50701] PHP Notice:  Undefined variable: errors in G:\\PHP\\xampp\\htdocs\\registrierung\\errors.php on line 1, referer: http://localhost/registrierung/login.php
[Tue Jan 15 12:43:12.095872 2019] [php7:warn] [pid 21056:tid 1940] [client ::1:50701] PHP Warning:  count(): Parameter must be an array or an object that implements Countable in G:\\PHP\\xampp\\htdocs\\registrierung\\errors.php on line 1, referer: http://localhost/registrierung/login.php
[Tue Jan 15 12:43:12.806519 2019] [php7:notice] [pid 21056:tid 1940] [client ::1:50701] PHP Notice:  Undefined variable: errors in G:\\PHP\\xampp\\htdocs\\registrierung\\errors.php on line 1, referer: http://localhost/registrierung/login.php
[Tue Jan 15 12:43:12.806519 2019] [php7:warn] [pid 21056:tid 1940] [client ::1:50701] PHP Warning:  count(): Parameter must be an array or an object that implements Countable in G:\\PHP\\xampp\\htdocs\\registrierung\\errors.php on line 1, referer: http://localhost/registrierung/login.php
[Tue Jan 15 12:43:13.203881 2019] [php7:notice] [pid 21056:tid 1940] [client ::1:50701] PHP Notice:  Undefined variable: errors in G:\\PHP\\xampp\\htdocs\\registrierung\\errors.php on line 1, referer: http://localhost/registrierung/login.php
[Tue Jan 15 12:43:13.203881 2019] [php7:warn] [pid 21056:tid 1940] [client ::1:50701] PHP Warning:  count(): Parameter must be an array or an object that implements Countable in G:\\PHP\\xampp\\htdocs\\registrierung\\errors.php on line 1, referer: http://localhost/registrierung/login.php
[Tue Jan 15 12:43:13.424081 2019] [php7:notice] [pid 21056:tid 1940] [client ::1:50701] PHP Notice:  Undefined variable: errors in G:\\PHP\\xampp\\htdocs\\registrierung\\errors.php on line 1, referer: http://localhost/registrierung/login.php
[Tue Jan 15 12:43:13.425082 2019] [php7:warn] [pid 21056:tid 1940] [client ::1:50701] PHP Warning:  count(): Parameter must be an array or an object that implements Countable in G:\\PHP\\xampp\\htdocs\\registrierung\\errors.php on line 1, referer: http://localhost/registrierung/login.php
[Tue Jan 15 12:43:13.624263 2019] [php7:notice] [pid 21056:tid 1940] [client ::1:50701] PHP Notice:  Undefined variable: errors in G:\\PHP\\xampp\\htdocs\\registrierung\\errors.php on line 1, referer: http://localhost/registrierung/login.php
[Tue Jan 15 12:43:13.625265 2019] [php7:warn] [pid 21056:tid 1940] [client ::1:50701] PHP Warning:  count(): Parameter must be an array or an object that implements Countable in G:\\PHP\\xampp\\htdocs\\registrierung\\errors.php on line 1, referer: http://localhost/registrierung/login.php
[Tue Jan 15 12:43:13.811434 2019] [php7:notice] [pid 21056:tid 1940] [client ::1:50701] PHP Notice:  Undefined variable: errors in G:\\PHP\\xampp\\htdocs\\registrierung\\errors.php on line 1, referer: http://localhost/registrierung/login.php
[Tue Jan 15 12:43:13.811434 2019] [php7:warn] [pid 21056:tid 1940] [client ::1:50701] PHP Warning:  count(): Parameter must be an array or an object that implements Countable in G:\\PHP\\xampp\\htdocs\\registrierung\\errors.php on line 1, referer: http://localhost/registrierung/login.php
[Tue Jan 15 12:43:14.019628 2019] [php7:notice] [pid 21056:tid 1940] [client ::1:50701] PHP Notice:  Undefined variable: errors in G:\\PHP\\xampp\\htdocs\\registrierung\\errors.php on line 1, referer: http://localhost/registrierung/login.php
[Tue Jan 15 12:43:14.019628 2019] [php7:warn] [pid 21056:tid 1940] [client ::1:50701] PHP Warning:  count(): Parameter must be an array or an object that implements Countable in G:\\PHP\\xampp\\htdocs\\registrierung\\errors.php on line 1, referer: http://localhost/registrierung/login.php
[Tue Jan 15 12:43:14.459274 2019] [php7:notice] [pid 21056:tid 1940] [client ::1:50701] PHP Notice:  Undefined variable: errors in G:\\PHP\\xampp\\htdocs\\registrierung\\errors.php on line 1, referer: http://localhost/registrierung/login.php
[Tue Jan 15 12:43:14.459274 2019] [php7:warn] [pid 21056:tid 1940] [client ::1:50701] PHP Warning:  count(): Parameter must be an array or an object that implements Countable in G:\\PHP\\xampp\\htdocs\\registrierung\\errors.php on line 1, referer: http://localhost/registrierung/login.php
[Tue Jan 15 12:43:14.678282 2019] [php7:notice] [pid 21056:tid 1940] [client ::1:50701] PHP Notice:  Undefined variable: errors in G:\\PHP\\xampp\\htdocs\\registrierung\\errors.php on line 1, referer: http://localhost/registrierung/login.php
[Tue Jan 15 12:43:14.678282 2019] [php7:warn] [pid 21056:tid 1940] [client ::1:50701] PHP Warning:  count(): Parameter must be an array or an object that implements Countable in G:\\PHP\\xampp\\htdocs\\registrierung\\errors.php on line 1, referer: http://localhost/registrierung/login.php
[Tue Jan 15 12:43:50.011983 2019] [php7:notice] [pid 21056:tid 1972] [client ::1:50821] PHP Notice:  Undefined variable: error in G:\\PHP\\xampp\\htdocs\\registrierung\\errors.php on line 1, referer: http://localhost/registrierung/login.php
[Tue Jan 15 12:43:50.011983 2019] [php7:warn] [pid 21056:tid 1972] [client ::1:50821] PHP Warning:  count(): Parameter must be an array or an object that implements Countable in G:\\PHP\\xampp\\htdocs\\registrierung\\errors.php on line 1, referer: http://localhost/registrierung/login.php
[Tue Jan 15 13:11:17.706313 2019] [php7:notice] [pid 21056:tid 1940] [client ::1:62066] PHP Notice:  Undefined variable: error in G:\\PHP\\xampp\\htdocs\\registrierung\\errors.php on line 1, referer: http://localhost/registrierung/login.php
[Tue Jan 15 13:11:17.707313 2019] [php7:warn] [pid 21056:tid 1940] [client ::1:62066] PHP Warning:  count(): Parameter must be an array or an object that implements Countable in G:\\PHP\\xampp\\htdocs\\registrierung\\errors.php on line 1, referer: http://localhost/registrierung/login.php
[Tue Jan 15 13:11:23.986882 2019] [php7:error] [pid 21056:tid 1940] [client ::1:62089] PHP Fatal error:  Uncaught Error: Call to undefined function mysql_real_escape_string() in G:\\PHP\\xampp\\htdocs\\registrierung\\server.php:7\nStack trace:\n#0 G:\\PHP\\xampp\\htdocs\\registrierung\\register.php(1): include()\n#1 {main}\n  thrown in G:\\PHP\\xampp\\htdocs\\registrierung\\server.php on line 7, referer: http://localhost/registrierung/register.php
[Tue Jan 15 13:50:39.075175 2019] [php7:notice] [pid 21056:tid 1972] [client ::1:50766] PHP Notice:  Undefined variable: error in G:\\PHP\\xampp\\htdocs\\registrierung\\errors.php on line 1, referer: http://localhost/registrierung/login.php
[Tue Jan 15 13:50:39.075175 2019] [php7:warn] [pid 21056:tid 1972] [client ::1:50766] PHP Warning:  count(): Parameter must be an array or an object that implements Countable in G:\\PHP\\xampp\\htdocs\\registrierung\\errors.php on line 1, referer: http://localhost/registrierung/login.php
[Tue Jan 15 13:50:40.791326 2019] [php7:notice] [pid 21056:tid 1972] [client ::1:50766] PHP Notice:  Undefined variable: error in G:\\PHP\\xampp\\htdocs\\registrierung\\errors.php on line 1, referer: http://localhost/registrierung/login.php
[Tue Jan 15 13:50:40.791326 2019] [php7:warn] [pid 21056:tid 1972] [client ::1:50766] PHP Warning:  count(): Parameter must be an array or an object that implements Countable in G:\\PHP\\xampp\\htdocs\\registrierung\\errors.php on line 1, referer: http://localhost/registrierung/login.php
[Tue Jan 15 13:50:41.408075 2019] [php7:notice] [pid 21056:tid 1972] [client ::1:50766] PHP Notice:  Undefined variable: error in G:\\PHP\\xampp\\htdocs\\registrierung\\errors.php on line 1, referer: http://localhost/registrierung/login.php
[Tue Jan 15 13:50:41.408075 2019] [php7:warn] [pid 21056:tid 1972] [client ::1:50766] PHP Warning:  count(): Parameter must be an array or an object that implements Countable in G:\\PHP\\xampp\\htdocs\\registrierung\\errors.php on line 1, referer: http://localhost/registrierung/login.php
[Tue Jan 15 13:50:53.321344 2019] [php7:notice] [pid 21056:tid 1940] [client ::1:50817] PHP Notice:  Undefined variable: error in G:\\PHP\\xampp\\htdocs\\registrierung\\errors.php on line 1, referer: http://localhost/registrierung/login.php
[Tue Jan 15 13:50:53.321344 2019] [php7:warn] [pid 21056:tid 1940] [client ::1:50817] PHP Warning:  count(): Parameter must be an array or an object that implements Countable in G:\\PHP\\xampp\\htdocs\\registrierung\\errors.php on line 1, referer: http://localhost/registrierung/login.php
[Tue Jan 15 13:54:50.762639 2019] [php7:notice] [pid 21056:tid 1972] [client ::1:51346] PHP Notice:  Undefined variable: errors in G:\\PHP\\xampp\\htdocs\\registrierung\\errors.php on line 1, referer: http://localhost/registrierung/login.php
[Tue Jan 15 13:54:50.762639 2019] [php7:warn] [pid 21056:tid 1972] [client ::1:51346] PHP Warning:  count(): Parameter must be an array or an object that implements Countable in G:\\PHP\\xampp\\htdocs\\registrierung\\errors.php on line 1, referer: http://localhost/registrierung/login.php
[Tue Jan 15 13:55:40.538207 2019] [php7:warn] [pid 21056:tid 1940] [client ::1:51442] PHP Warning:  count(): Parameter must be an array or an object that implements Countable in G:\\PHP\\xampp\\htdocs\\registrierung\\errors.php on line 1, referer: http://localhost/registrierung/login.php
[Tue Jan 15 13:55:40.569234 2019] [php7:warn] [pid 21056:tid 1940] [client ::1:51442] PHP Warning:  Invalid argument supplied for foreach() in G:\\PHP\\xampp\\htdocs\\registrierung\\errors.php on line 3, referer: http://localhost/registrierung/login.php
[Tue Jan 15 13:57:12.331117 2019] [php7:notice] [pid 21056:tid 1972] [client ::1:51617] PHP Notice:  Undefined variable: errors in G:\\PHP\\xampp\\htdocs\\registrierung\\errors.php on line 2, referer: http://localhost/registrierung/login.php
[Tue Jan 15 13:57:12.331117 2019] [php7:warn] [pid 21056:tid 1972] [client ::1:51617] PHP Warning:  count(): Parameter must be an array or an object that implements Countable in G:\\PHP\\xampp\\htdocs\\registrierung\\errors.php on line 2, referer: http://localhost/registrierung/login.php
[Tue Jan 15 13:57:14.762354 2019] [php7:notice] [pid 21056:tid 1972] [client ::1:51617] PHP Notice:  Undefined variable: errors in G:\\PHP\\xampp\\htdocs\\registrierung\\errors.php on line 2, referer: http://localhost/registrierung/login.php
[Tue Jan 15 13:57:14.762354 2019] [php7:warn] [pid 21056:tid 1972] [client ::1:51617] PHP Warning:  count(): Parameter must be an array or an object that implements Countable in G:\\PHP\\xampp\\htdocs\\registrierung\\errors.php on line 2, referer: http://localhost/registrierung/login.php
[Tue Jan 15 13:57:34.357425 2019] [php7:notice] [pid 21056:tid 1940] [client ::1:51671] PHP Notice:  Undefined variable: errors in G:\\PHP\\xampp\\htdocs\\registrierung\\errors.php on line 2, referer: http://localhost/registrierung/login.php
[Tue Jan 15 13:57:34.357425 2019] [php7:warn] [pid 21056:tid 1940] [client ::1:51671] PHP Warning:  count(): Parameter must be an array or an object that implements Countable in G:\\PHP\\xampp\\htdocs\\registrierung\\errors.php on line 2, referer: http://localhost/registrierung/login.php
[Tue Jan 15 13:58:15.471056 2019] [php7:notice] [pid 21056:tid 1972] [client ::1:51764] PHP Notice:  Undefined variable: errors in G:\\PHP\\xampp\\htdocs\\registrierung\\errors.php on line 2, referer: http://localhost/registrierung/login.php
[Tue Jan 15 13:58:15.471056 2019] [php7:warn] [pid 21056:tid 1972] [client ::1:51764] PHP Warning:  count(): Parameter must be an array or an object that implements Countable in G:\\PHP\\xampp\\htdocs\\registrierung\\errors.php on line 2, referer: http://localhost/registrierung/login.php
[Tue Jan 15 13:58:16.849513 2019] [php7:notice] [pid 21056:tid 1972] [client ::1:51764] PHP Notice:  Undefined variable: errors in G:\\PHP\\xampp\\htdocs\\registrierung\\errors.php on line 2, referer: http://localhost/registrierung/login.php
[Tue Jan 15 13:58:16.849513 2019] [php7:warn] [pid 21056:tid 1972] [client ::1:51764] PHP Warning:  count(): Parameter must be an array or an object that implements Countable in G:\\PHP\\xampp\\htdocs\\registrierung\\errors.php on line 2, referer: http://localhost/registrierung/login.php
[Tue Jan 15 13:58:17.050705 2019] [php7:notice] [pid 21056:tid 1972] [client ::1:51764] PHP Notice:  Undefined variable: errors in G:\\PHP\\xampp\\htdocs\\registrierung\\errors.php on line 2, referer: http://localhost/registrierung/login.php
[Tue Jan 15 13:58:17.050705 2019] [php7:warn] [pid 21056:tid 1972] [client ::1:51764] PHP Warning:  count(): Parameter must be an array or an object that implements Countable in G:\\PHP\\xampp\\htdocs\\registrierung\\errors.php on line 2, referer: http://localhost/registrierung/login.php
[Tue Jan 15 13:58:17.224853 2019] [php7:notice] [pid 21056:tid 1972] [client ::1:51764] PHP Notice:  Undefined variable: errors in G:\\PHP\\xampp\\htdocs\\registrierung\\errors.php on line 2, referer: http://localhost/registrierung/login.php
[Tue Jan 15 13:58:17.224853 2019] [php7:warn] [pid 21056:tid 1972] [client ::1:51764] PHP Warning:  count(): Parameter must be an array or an object that implements Countable in G:\\PHP\\xampp\\htdocs\\registrierung\\errors.php on line 2, referer: http://localhost/registrierung/login.php
[Tue Jan 15 13:58:18.199655 2019] [php7:error] [pid 21056:tid 1972] [client ::1:51764] PHP Fatal error:  Uncaught Error: Call to undefined function mysql_real_escape_string() in G:\\PHP\\xampp\\htdocs\\registrierung\\server.php:7\nStack trace:\n#0 G:\\PHP\\xampp\\htdocs\\registrierung\\register.php(1): include()\n#1 {main}\n  thrown in G:\\PHP\\xampp\\htdocs\\registrierung\\server.php on line 7, referer: http://localhost/registrierung/register.php
[Tue Jan 15 13:58:20.186317 2019] [php7:notice] [pid 21056:tid 1972] [client ::1:51764] PHP Notice:  Undefined variable: errors in G:\\PHP\\xampp\\htdocs\\registrierung\\errors.php on line 2, referer: http://localhost/registrierung/login.php
[Tue Jan 15 13:58:20.186317 2019] [php7:warn] [pid 21056:tid 1972] [client ::1:51764] PHP Warning:  count(): Parameter must be an array or an object that implements Countable in G:\\PHP\\xampp\\htdocs\\registrierung\\errors.php on line 2, referer: http://localhost/registrierung/login.php
[Tue Jan 15 13:58:24.316591 2019] [php7:notice] [pid 21056:tid 1972] [client ::1:51764] PHP Notice:  Undefined variable: errors in G:\\PHP\\xampp\\htdocs\\registrierung\\errors.php on line 2, referer: http://localhost/registrierung/login.php
[Tue Jan 15 13:58:24.316591 2019] [php7:warn] [pid 21056:tid 1972] [client ::1:51764] PHP Warning:  count(): Parameter must be an array or an object that implements Countable in G:\\PHP\\xampp\\htdocs\\registrierung\\errors.php on line 2, referer: http://localhost/registrierung/login.php
[Tue Jan 15 13:58:50.227377 2019] [php7:notice] [pid 21056:tid 1940] [client ::1:51860] PHP Notice:  Undefined variable: errors in G:\\PHP\\xampp\\htdocs\\registrierung\\errors.php on line 2, referer: http://localhost/registrierung/login.php
[Tue Jan 15 13:58:50.227377 2019] [php7:warn] [pid 21056:tid 1940] [client ::1:51860] PHP Warning:  count(): Parameter must be an array or an object that implements Countable in G:\\PHP\\xampp\\htdocs\\registrierung\\errors.php on line 2, referer: http://localhost/registrierung/login.php
[Tue Jan 15 13:58:51.124263 2019] [php7:notice] [pid 21056:tid 1940] [client ::1:51860] PHP Notice:  Undefined variable: errors in G:\\PHP\\xampp\\htdocs\\registrierung\\errors.php on line 2, referer: http://localhost/registrierung/login.php
[Tue Jan 15 13:58:51.148284 2019] [php7:warn] [pid 21056:tid 1940] [client ::1:51860] PHP Warning:  count(): Parameter must be an array or an object that implements Countable in G:\\PHP\\xampp\\htdocs\\registrierung\\errors.php on line 2, referer: http://localhost/registrierung/login.php
[Tue Jan 15 13:58:51.358475 2019] [php7:notice] [pid 21056:tid 1940] [client ::1:51860] PHP Notice:  Undefined variable: errors in G:\\PHP\\xampp\\htdocs\\registrierung\\errors.php on line 2, referer: http://localhost/registrierung/login.php
[Tue Jan 15 13:58:51.359476 2019] [php7:warn] [pid 21056:tid 1940] [client ::1:51860] PHP Warning:  count(): Parameter must be an array or an object that implements Countable in G:\\PHP\\xampp\\htdocs\\registrierung\\errors.php on line 2, referer: http://localhost/registrierung/login.php
[Tue Jan 15 13:58:51.533634 2019] [php7:notice] [pid 21056:tid 1940] [client ::1:51860] PHP Notice:  Undefined variable: errors in G:\\PHP\\xampp\\htdocs\\registrierung\\errors.php on line 2, referer: http://localhost/registrierung/login.php
[Tue Jan 15 13:58:51.533634 2019] [php7:warn] [pid 21056:tid 1940] [client ::1:51860] PHP Warning:  count(): Parameter must be an array or an object that implements Countable in G:\\PHP\\xampp\\htdocs\\registrierung\\errors.php on line 2, referer: http://localhost/registrierung/login.php
[Tue Jan 15 13:58:51.728822 2019] [php7:notice] [pid 21056:tid 1940] [client ::1:51860] PHP Notice:  Undefined variable: errors in G:\\PHP\\xampp\\htdocs\\registrierung\\errors.php on line 2, referer: http://localhost/registrierung/login.php
[Tue Jan 15 13:58:51.728822 2019] [php7:warn] [pid 21056:tid 1940] [client ::1:51860] PHP Warning:  count(): Parameter must be an array or an object that implements Countable in G:\\PHP\\xampp\\htdocs\\registrierung\\errors.php on line 2, referer: http://localhost/registrierung/login.php
[Tue Jan 15 13:58:51.900977 2019] [php7:notice] [pid 21056:tid 1940] [client ::1:51860] PHP Notice:  Undefined variable: errors in G:\\PHP\\xampp\\htdocs\\registrierung\\errors.php on line 2, referer: http://localhost/registrierung/login.php
[Tue Jan 15 13:58:51.901969 2019] [php7:warn] [pid 21056:tid 1940] [client ::1:51860] PHP Warning:  count(): Parameter must be an array or an object that implements Countable in G:\\PHP\\xampp\\htdocs\\registrierung\\errors.php on line 2, referer: http://localhost/registrierung/login.php
[Tue Jan 15 13:58:52.080131 2019] [php7:notice] [pid 21056:tid 1940] [client ::1:51860] PHP Notice:  Undefined variable: errors in G:\\PHP\\xampp\\htdocs\\registrierung\\errors.php on line 2, referer: http://localhost/registrierung/login.php
[Tue Jan 15 13:58:52.081132 2019] [php7:warn] [pid 21056:tid 1940] [client ::1:51860] PHP Warning:  count(): Parameter must be an array or an object that implements Countable in G:\\PHP\\xampp\\htdocs\\registrierung\\errors.php on line 2, referer: http://localhost/registrierung/login.php
[Tue Jan 15 13:58:52.283320 2019] [php7:notice] [pid 21056:tid 1940] [client ::1:51860] PHP Notice:  Undefined variable: errors in G:\\PHP\\xampp\\htdocs\\registrierung\\errors.php on line 2, referer: http://localhost/registrierung/login.php
[Tue Jan 15 13:58:52.283320 2019] [php7:warn] [pid 21056:tid 1940] [client ::1:51860] PHP Warning:  count(): Parameter must be an array or an object that implements Countable in G:\\PHP\\xampp\\htdocs\\registrierung\\errors.php on line 2, referer: http://localhost/registrierung/login.php
[Tue Jan 15 13:58:52.463485 2019] [php7:notice] [pid 21056:tid 1940] [client ::1:51860] PHP Notice:  Undefined variable: errors in G:\\PHP\\xampp\\htdocs\\registrierung\\errors.php on line 2, referer: http://localhost/registrierung/login.php
[Tue Jan 15 13:58:52.463485 2019] [php7:warn] [pid 21056:tid 1940] [client ::1:51860] PHP Warning:  count(): Parameter must be an array or an object that implements Countable in G:\\PHP\\xampp\\htdocs\\registrierung\\errors.php on line 2, referer: http://localhost/registrierung/login.php
[Tue Jan 15 13:58:52.671845 2019] [php7:notice] [pid 21056:tid 1940] [client ::1:51860] PHP Notice:  Undefined variable: errors in G:\\PHP\\xampp\\htdocs\\registrierung\\errors.php on line 2, referer: http://localhost/registrierung/login.php
[Tue Jan 15 13:58:52.671845 2019] [php7:warn] [pid 21056:tid 1940] [client ::1:51860] PHP Warning:  count(): Parameter must be an array or an object that implements Countable in G:\\PHP\\xampp\\htdocs\\registrierung\\errors.php on line 2, referer: http://localhost/registrierung/login.php
[Tue Jan 15 13:58:52.885038 2019] [php7:notice] [pid 21056:tid 1940] [client ::1:51860] PHP Notice:  Undefined variable: errors in G:\\PHP\\xampp\\htdocs\\registrierung\\errors.php on line 2, referer: http://localhost/registrierung/login.php
[Tue Jan 15 13:58:52.886039 2019] [php7:warn] [pid 21056:tid 1940] [client ::1:51860] PHP Warning:  count(): Parameter must be an array or an object that implements Countable in G:\\PHP\\xampp\\htdocs\\registrierung\\errors.php on line 2, referer: http://localhost/registrierung/login.php
[Tue Jan 15 13:58:53.104247 2019] [php7:notice] [pid 21056:tid 1940] [client ::1:51860] PHP Notice:  Undefined variable: errors in G:\\PHP\\xampp\\htdocs\\registrierung\\errors.php on line 2, referer: http://localhost/registrierung/login.php
[Tue Jan 15 13:58:53.104247 2019] [php7:warn] [pid 21056:tid 1940] [client ::1:51860] PHP Warning:  count(): Parameter must be an array or an object that implements Countable in G:\\PHP\\xampp\\htdocs\\registrierung\\errors.php on line 2, referer: http://localhost/registrierung/login.php
[Tue Jan 15 13:58:53.338487 2019] [php7:notice] [pid 21056:tid 1940] [client ::1:51860] PHP Notice:  Undefined variable: errors in G:\\PHP\\xampp\\htdocs\\registrierung\\errors.php on line 2, referer: http://localhost/registrierung/login.php
[Tue Jan 15 13:58:53.338487 2019] [php7:warn] [pid 21056:tid 1940] [client ::1:51860] PHP Warning:  count(): Parameter must be an array or an object that implements Countable in G:\\PHP\\xampp\\htdocs\\registrierung\\errors.php on line 2, referer: http://localhost/registrierung/login.php
[Tue Jan 15 13:58:53.995394 2019] [php7:notice] [pid 21056:tid 1940] [client ::1:51860] PHP Notice:  Undefined variable: errors in G:\\PHP\\xampp\\htdocs\\registrierung\\errors.php on line 2, referer: http://localhost/registrierung/login.php
[Tue Jan 15 13:58:53.995394 2019] [php7:warn] [pid 21056:tid 1940] [client ::1:51860] PHP Warning:  count(): Parameter must be an array or an object that implements Countable in G:\\PHP\\xampp\\htdocs\\registrierung\\errors.php on line 2, referer: http://localhost/registrierung/login.php
[Tue Jan 15 13:58:54.812140 2019] [php7:error] [pid 21056:tid 1940] [client ::1:51860] PHP Fatal error:  Uncaught Error: Call to undefined function mysql_real_escape_string() in G:\\PHP\\xampp\\htdocs\\registrierung\\server.php:7\nStack trace:\n#0 G:\\PHP\\xampp\\htdocs\\registrierung\\register.php(1): include()\n#1 {main}\n  thrown in G:\\PHP\\xampp\\htdocs\\registrierung\\server.php on line 7, referer: http://localhost/registrierung/register.php
[Tue Jan 15 13:58:55.906030 2019] [php7:notice] [pid 21056:tid 1940] [client ::1:51860] PHP Notice:  Undefined variable: errors in G:\\PHP\\xampp\\htdocs\\registrierung\\errors.php on line 2, referer: http://localhost/registrierung/login.php
[Tue Jan 15 13:58:55.906030 2019] [php7:warn] [pid 21056:tid 1940] [client ::1:51860] PHP Warning:  count(): Parameter must be an array or an object that implements Countable in G:\\PHP\\xampp\\htdocs\\registrierung\\errors.php on line 2, referer: http://localhost/registrierung/login.php
[Tue Jan 15 13:59:43.711752 2019] [php7:notice] [pid 21056:tid 1940] [client ::1:52022] PHP Notice:  Undefined variable: errors in G:\\PHP\\xampp\\htdocs\\registrierung\\errors.php on line 2
[Tue Jan 15 13:59:43.711752 2019] [php7:warn] [pid 21056:tid 1940] [client ::1:52022] PHP Warning:  count(): Parameter must be an array or an object that implements Countable in G:\\PHP\\xampp\\htdocs\\registrierung\\errors.php on line 2
[Tue Jan 15 13:59:44.867588 2019] [php7:notice] [pid 21056:tid 1940] [client ::1:52022] PHP Notice:  Undefined variable: errors in G:\\PHP\\xampp\\htdocs\\registrierung\\errors.php on line 2
[Tue Jan 15 13:59:44.867588 2019] [php7:warn] [pid 21056:tid 1940] [client ::1:52022] PHP Warning:  count(): Parameter must be an array or an object that implements Countable in G:\\PHP\\xampp\\htdocs\\registrierung\\errors.php on line 2
[Tue Jan 15 13:59:45.281114 2019] [php7:notice] [pid 21056:tid 1940] [client ::1:52022] PHP Notice:  Undefined variable: errors in G:\\PHP\\xampp\\htdocs\\registrierung\\errors.php on line 2
[Tue Jan 15 13:59:45.281114 2019] [php7:warn] [pid 21056:tid 1940] [client ::1:52022] PHP Warning:  count(): Parameter must be an array or an object that implements Countable in G:\\PHP\\xampp\\htdocs\\registrierung\\errors.php on line 2
[Tue Jan 15 13:59:45.576382 2019] [php7:notice] [pid 21056:tid 1940] [client ::1:52022] PHP Notice:  Undefined variable: errors in G:\\PHP\\xampp\\htdocs\\registrierung\\errors.php on line 2
[Tue Jan 15 13:59:45.576382 2019] [php7:warn] [pid 21056:tid 1940] [client ::1:52022] PHP Warning:  count(): Parameter must be an array or an object that implements Countable in G:\\PHP\\xampp\\htdocs\\registrierung\\errors.php on line 2
[Tue Jan 15 13:59:46.490740 2019] [php7:notice] [pid 21056:tid 1940] [client ::1:52022] PHP Notice:  Undefined variable: errors in G:\\PHP\\xampp\\htdocs\\registrierung\\errors.php on line 2
[Tue Jan 15 13:59:46.491741 2019] [php7:warn] [pid 21056:tid 1940] [client ::1:52022] PHP Warning:  count(): Parameter must be an array or an object that implements Countable in G:\\PHP\\xampp\\htdocs\\registrierung\\errors.php on line 2
[Tue Jan 15 13:59:48.508085 2019] [php7:error] [pid 21056:tid 1940] [client ::1:52022] PHP Fatal error:  Uncaught Error: Call to undefined function mysql_real_escape_string() in G:\\PHP\\xampp\\htdocs\\registrierung\\server.php:7\nStack trace:\n#0 G:\\PHP\\xampp\\htdocs\\registrierung\\register.php(1): include()\n#1 {main}\n  thrown in G:\\PHP\\xampp\\htdocs\\registrierung\\server.php on line 7, referer: http://localhost/registrierung/register.php
[Tue Jan 15 13:59:49.629282 2019] [php7:notice] [pid 21056:tid 1940] [client ::1:52022] PHP Notice:  Undefined variable: errors in G:\\PHP\\xampp\\htdocs\\registrierung\\errors.php on line 2
[Tue Jan 15 13:59:49.629282 2019] [php7:warn] [pid 21056:tid 1940] [client ::1:52022] PHP Warning:  count(): Parameter must be an array or an object that implements Countable in G:\\PHP\\xampp\\htdocs\\registrierung\\errors.php on line 2
[Tue Jan 15 14:00:00.672254 2019] [php7:error] [pid 21056:tid 1972] [client ::1:52074] PHP Fatal error:  Uncaught Error: Call to undefined function mysql_real_escape_string() in G:\\PHP\\xampp\\htdocs\\registrierung\\server.php:7\nStack trace:\n#0 G:\\PHP\\xampp\\htdocs\\registrierung\\register.php(1): include()\n#1 {main}\n  thrown in G:\\PHP\\xampp\\htdocs\\registrierung\\server.php on line 7, referer: http://localhost/registrierung/register.php
[Tue Jan 15 14:00:13.624030 2019] [php7:notice] [pid 21056:tid 1940] [client ::1:52103] PHP Notice:  Undefined variable: errors in G:\\PHP\\xampp\\htdocs\\registrierung\\errors.php on line 2
[Tue Jan 15 14:00:13.624030 2019] [php7:warn] [pid 21056:tid 1940] [client ::1:52103] PHP Warning:  count(): Parameter must be an array or an object that implements Countable in G:\\PHP\\xampp\\htdocs\\registrierung\\errors.php on line 2
[Tue Jan 15 14:01:16.635825 2019] [php7:notice] [pid 21056:tid 1972] [client ::1:52268] PHP Notice:  Undefined variable: errors in G:\\PHP\\xampp\\htdocs\\registrierung\\errors.php on line 1
[Tue Jan 15 14:01:16.635825 2019] [php7:warn] [pid 21056:tid 1972] [client ::1:52268] PHP Warning:  count(): Parameter must be an array or an object that implements Countable in G:\\PHP\\xampp\\htdocs\\registrierung\\errors.php on line 1
[Tue Jan 15 14:05:08.876377 2019] [php7:error] [pid 21056:tid 1940] [client ::1:52716] PHP Fatal error:  Uncaught Error: Call to undefined function mysql_real_escape_string() in G:\\PHP\\xampp\\htdocs\\registrierung\\server.php:7\nStack trace:\n#0 G:\\PHP\\xampp\\htdocs\\registrierung\\register.php(1): include()\n#1 {main}\n  thrown in G:\\PHP\\xampp\\htdocs\\registrierung\\server.php on line 7, referer: http://localhost/registrierung/register.php
[Tue Jan 15 14:05:53.809245 2019] [php7:notice] [pid 21056:tid 1972] [client ::1:52806] PHP Notice:  Undefined variable: errors in G:\\PHP\\xampp\\htdocs\\registrierung\\errors.php on line 1
[Tue Jan 15 14:05:53.809245 2019] [php7:warn] [pid 21056:tid 1972] [client ::1:52806] PHP Warning:  count(): Parameter must be an array or an object that implements Countable in G:\\PHP\\xampp\\htdocs\\registrierung\\errors.php on line 1
[Tue Jan 15 14:05:54.894561 2019] [php7:notice] [pid 21056:tid 1972] [client ::1:52806] PHP Notice:  Undefined variable: errors in G:\\PHP\\xampp\\htdocs\\registrierung\\errors.php on line 1
[Tue Jan 15 14:05:54.894561 2019] [php7:warn] [pid 21056:tid 1972] [client ::1:52806] PHP Warning:  count(): Parameter must be an array or an object that implements Countable in G:\\PHP\\xampp\\htdocs\\registrierung\\errors.php on line 1
[Tue Jan 15 14:05:55.624457 2019] [php7:notice] [pid 21056:tid 1972] [client ::1:52806] PHP Notice:  Undefined variable: errors in G:\\PHP\\xampp\\htdocs\\registrierung\\errors.php on line 1
[Tue Jan 15 14:05:55.625457 2019] [php7:warn] [pid 21056:tid 1972] [client ::1:52806] PHP Warning:  count(): Parameter must be an array or an object that implements Countable in G:\\PHP\\xampp\\htdocs\\registrierung\\errors.php on line 1
[Tue Jan 15 14:05:55.834656 2019] [php7:notice] [pid 21056:tid 1972] [client ::1:52806] PHP Notice:  Undefined variable: errors in G:\\PHP\\xampp\\htdocs\\registrierung\\errors.php on line 1
[Tue Jan 15 14:05:55.835657 2019] [php7:warn] [pid 21056:tid 1972] [client ::1:52806] PHP Warning:  count(): Parameter must be an array or an object that implements Countable in G:\\PHP\\xampp\\htdocs\\registrierung\\errors.php on line 1
[Tue Jan 15 14:05:56.043836 2019] [php7:notice] [pid 21056:tid 1972] [client ::1:52806] PHP Notice:  Undefined variable: errors in G:\\PHP\\xampp\\htdocs\\registrierung\\errors.php on line 1
[Tue Jan 15 14:05:56.043836 2019] [php7:warn] [pid 21056:tid 1972] [client ::1:52806] PHP Warning:  count(): Parameter must be an array or an object that implements Countable in G:\\PHP\\xampp\\htdocs\\registrierung\\errors.php on line 1
[Tue Jan 15 14:05:56.225025 2019] [php7:notice] [pid 21056:tid 1972] [client ::1:52806] PHP Notice:  Undefined variable: errors in G:\\PHP\\xampp\\htdocs\\registrierung\\errors.php on line 1
[Tue Jan 15 14:05:56.225025 2019] [php7:warn] [pid 21056:tid 1972] [client ::1:52806] PHP Warning:  count(): Parameter must be an array or an object that implements Countable in G:\\PHP\\xampp\\htdocs\\registrierung\\errors.php on line 1
[Tue Jan 15 14:06:02.098705 2019] [php7:warn] [pid 21056:tid 1940] [client ::1:52807] PHP Warning:  mysqli_real_escape_string() expects exactly 2 parameters, 1 given in G:\\PHP\\xampp\\htdocs\\registrierung\\server.php on line 7, referer: http://localhost/registrierung/register.php
[Tue Jan 15 14:06:02.098705 2019] [php7:warn] [pid 21056:tid 1940] [client ::1:52807] PHP Warning:  mysqli_real_escape_string() expects exactly 2 parameters, 1 given in G:\\PHP\\xampp\\htdocs\\registrierung\\server.php on line 8, referer: http://localhost/registrierung/register.php
[Tue Jan 15 14:06:02.098705 2019] [php7:warn] [pid 21056:tid 1940] [client ::1:52807] PHP Warning:  mysqli_real_escape_string() expects exactly 2 parameters, 1 given in G:\\PHP\\xampp\\htdocs\\registrierung\\server.php on line 9, referer: http://localhost/registrierung/register.php
[Tue Jan 15 14:06:02.098705 2019] [php7:warn] [pid 21056:tid 1940] [client ::1:52807] PHP Warning:  mysqli_real_escape_string() expects exactly 2 parameters, 1 given in G:\\PHP\\xampp\\htdocs\\registrierung\\server.php on line 10, referer: http://localhost/registrierung/register.php
[Tue Jan 15 14:06:02.098705 2019] [php7:warn] [pid 21056:tid 1940] [client ::1:52807] PHP Warning:  mysqli_real_escape_string() expects exactly 2 parameters, 1 given in G:\\PHP\\xampp\\htdocs\\registrierung\\server.php on line 11, referer: http://localhost/registrierung/register.php
[Tue Jan 15 14:06:02.099706 2019] [php7:warn] [pid 21056:tid 1940] [client ::1:52807] PHP Warning:  mysqli_real_escape_string() expects exactly 2 parameters, 1 given in G:\\PHP\\xampp\\htdocs\\registrierung\\server.php on line 12, referer: http://localhost/registrierung/register.php
[Tue Jan 15 14:06:02.099706 2019] [php7:warn] [pid 21056:tid 1940] [client ::1:52807] PHP Warning:  mysqli_real_escape_string() expects exactly 2 parameters, 1 given in G:\\PHP\\xampp\\htdocs\\registrierung\\server.php on line 13, referer: http://localhost/registrierung/register.php
[Tue Jan 15 14:06:02.120724 2019] [php7:warn] [pid 21056:tid 1940] [client ::1:52807] PHP Warning:  array_push() expects parameter 1 to be array, null given in G:\\PHP\\xampp\\htdocs\\registrierung\\server.php on line 17, referer: http://localhost/registrierung/register.php
[Tue Jan 15 14:06:02.120724 2019] [php7:warn] [pid 21056:tid 1940] [client ::1:52807] PHP Warning:  array_push() expects parameter 1 to be array, null given in G:\\PHP\\xampp\\htdocs\\registrierung\\server.php on line 20, referer: http://localhost/registrierung/register.php
[Tue Jan 15 14:06:02.120724 2019] [php7:warn] [pid 21056:tid 1940] [client ::1:52807] PHP Warning:  array_push() expects parameter 1 to be array, null given in G:\\PHP\\xampp\\htdocs\\registrierung\\server.php on line 23, referer: http://localhost/registrierung/register.php
[Tue Jan 15 14:06:02.120724 2019] [php7:warn] [pid 21056:tid 1940] [client ::1:52807] PHP Warning:  array_push() expects parameter 1 to be array, null given in G:\\PHP\\xampp\\htdocs\\registrierung\\server.php on line 26, referer: http://localhost/registrierung/register.php
[Tue Jan 15 14:06:02.121726 2019] [php7:warn] [pid 21056:tid 1940] [client ::1:52807] PHP Warning:  array_push() expects parameter 1 to be array, null given in G:\\PHP\\xampp\\htdocs\\registrierung\\server.php on line 29, referer: http://localhost/registrierung/register.php
[Tue Jan 15 14:06:02.121726 2019] [php7:warn] [pid 21056:tid 1940] [client ::1:52807] PHP Warning:  array_push() expects parameter 1 to be array, null given in G:\\PHP\\xampp\\htdocs\\registrierung\\server.php on line 32, referer: http://localhost/registrierung/register.php
[Tue Jan 15 14:06:02.121726 2019] [php7:warn] [pid 21056:tid 1940] [client ::1:52807] PHP Warning:  count(): Parameter must be an array or an object that implements Countable in G:\\PHP\\xampp\\htdocs\\registrierung\\server.php on line 39, referer: http://localhost/registrierung/register.php
[Tue Jan 15 14:06:02.186785 2019] [php7:warn] [pid 21056:tid 1940] [client ::1:52807] PHP Warning:  count(): Parameter must be an array or an object that implements Countable in G:\\PHP\\xampp\\htdocs\\registrierung\\errors.php on line 1, referer: http://localhost/registrierung/register.php
[Tue Jan 15 14:06:43.724669 2019] [php7:notice] [pid 21056:tid 1972] [client ::1:52923] PHP Notice:  Undefined variable: errors in G:\\PHP\\xampp\\htdocs\\registrierung\\errors.php on line 1
[Tue Jan 15 14:06:43.725671 2019] [php7:warn] [pid 21056:tid 1972] [client ::1:52923] PHP Warning:  count(): Parameter must be an array or an object that implements Countable in G:\\PHP\\xampp\\htdocs\\registrierung\\errors.php on line 1
[Tue Jan 15 14:06:46.695004 2019] [php7:notice] [pid 21056:tid 1972] [client ::1:52923] PHP Notice:  Undefined variable: errors in G:\\PHP\\xampp\\htdocs\\registrierung\\errors.php on line 1
[Tue Jan 15 14:06:46.695004 2019] [php7:warn] [pid 21056:tid 1972] [client ::1:52923] PHP Warning:  count(): Parameter must be an array or an object that implements Countable in G:\\PHP\\xampp\\htdocs\\registrierung\\errors.php on line 1
[Tue Jan 15 14:06:53.579011 2019] [php7:notice] [pid 21056:tid 1940] [client ::1:52924] PHP Notice:  Undefined variable: errors in G:\\PHP\\xampp\\htdocs\\registrierung\\server.php on line 39, referer: http://localhost/registrierung/register.php
[Tue Jan 15 14:06:53.579011 2019] [php7:warn] [pid 21056:tid 1940] [client ::1:52924] PHP Warning:  count(): Parameter must be an array or an object that implements Countable in G:\\PHP\\xampp\\htdocs\\registrierung\\server.php on line 39, referer: http://localhost/registrierung/register.php
[Tue Jan 15 14:06:53.628049 2019] [php7:notice] [pid 21056:tid 1940] [client ::1:52924] PHP Notice:  Undefined variable: errors in G:\\PHP\\xampp\\htdocs\\registrierung\\errors.php on line 1, referer: http://localhost/registrierung/register.php
[Tue Jan 15 14:06:53.628049 2019] [php7:warn] [pid 21056:tid 1940] [client ::1:52924] PHP Warning:  count(): Parameter must be an array or an object that implements Countable in G:\\PHP\\xampp\\htdocs\\registrierung\\errors.php on line 1, referer: http://localhost/registrierung/register.php
[Tue Jan 15 14:08:31.234276 2019] [php7:notice] [pid 21056:tid 1972] [client ::1:53204] PHP Notice:  Undefined variable: errors in G:\\PHP\\xampp\\htdocs\\registrierung\\server.php on line 39, referer: http://localhost/registrierung/register.php
[Tue Jan 15 14:08:31.234276 2019] [php7:warn] [pid 21056:tid 1972] [client ::1:53204] PHP Warning:  count(): Parameter must be an array or an object that implements Countable in G:\\PHP\\xampp\\htdocs\\registrierung\\server.php on line 39, referer: http://localhost/registrierung/register.php
[Tue Jan 15 14:08:31.237277 2019] [php7:notice] [pid 21056:tid 1972] [client ::1:53204] PHP Notice:  Undefined variable: errors in G:\\PHP\\xampp\\htdocs\\registrierung\\errors.php on line 1, referer: http://localhost/registrierung/register.php
[Tue Jan 15 14:08:31.237277 2019] [php7:warn] [pid 21056:tid 1972] [client ::1:53204] PHP Warning:  count(): Parameter must be an array or an object that implements Countable in G:\\PHP\\xampp\\htdocs\\registrierung\\errors.php on line 1, referer: http://localhost/registrierung/register.php
[Tue Jan 15 14:09:17.735821 2019] [php7:warn] [pid 21056:tid 1972] [client ::1:53343] PHP Warning:  array_push() expects parameter 1 to be array, null given in G:\\PHP\\xampp\\htdocs\\registrierung\\server.php on line 17, referer: http://localhost/registrierung/register.php
[Tue Jan 15 14:09:17.735821 2019] [php7:warn] [pid 21056:tid 1972] [client ::1:53343] PHP Warning:  array_push() expects parameter 1 to be array, null given in G:\\PHP\\xampp\\htdocs\\registrierung\\server.php on line 20, referer: http://localhost/registrierung/register.php
[Tue Jan 15 14:09:17.735821 2019] [php7:warn] [pid 21056:tid 1972] [client ::1:53343] PHP Warning:  array_push() expects parameter 1 to be array, null given in G:\\PHP\\xampp\\htdocs\\registrierung\\server.php on line 23, referer: http://localhost/registrierung/register.php
[Tue Jan 15 14:09:17.735821 2019] [php7:warn] [pid 21056:tid 1972] [client ::1:53343] PHP Warning:  array_push() expects parameter 1 to be array, null given in G:\\PHP\\xampp\\htdocs\\registrierung\\server.php on line 26, referer: http://localhost/registrierung/register.php
[Tue Jan 15 14:09:17.736822 2019] [php7:warn] [pid 21056:tid 1972] [client ::1:53343] PHP Warning:  array_push() expects parameter 1 to be array, null given in G:\\PHP\\xampp\\htdocs\\registrierung\\server.php on line 29, referer: http://localhost/registrierung/register.php
[Tue Jan 15 14:09:17.736822 2019] [php7:warn] [pid 21056:tid 1972] [client ::1:53343] PHP Warning:  array_push() expects parameter 1 to be array, null given in G:\\PHP\\xampp\\htdocs\\registrierung\\server.php on line 32, referer: http://localhost/registrierung/register.php
[Tue Jan 15 14:09:17.736822 2019] [php7:warn] [pid 21056:tid 1972] [client ::1:53343] PHP Warning:  count(): Parameter must be an array or an object that implements Countable in G:\\PHP\\xampp\\htdocs\\registrierung\\server.php on line 39, referer: http://localhost/registrierung/register.php
[Tue Jan 15 14:09:17.759833 2019] [php7:warn] [pid 21056:tid 1972] [client ::1:53343] PHP Warning:  count(): Parameter must be an array or an object that implements Countable in G:\\PHP\\xampp\\htdocs\\registrierung\\errors.php on line 1, referer: http://localhost/registrierung/register.php
[Tue Jan 15 14:26:29.410509 2019] [php7:notice] [pid 21056:tid 1972] [client ::1:55594] PHP Notice:  Undefined index: vorname in G:\\PHP\\xampp\\htdocs\\registrierung\\index.php on line 40, referer: http://localhost/registrierung/register.php
[Tue Jan 15 14:27:15.320841 2019] [php7:notice] [pid 21056:tid 1932] [client ::1:55685] PHP Notice:  Undefined index: vorname in G:\\PHP\\xampp\\htdocs\\registrierung\\index.php on line 40, referer: http://localhost/registrierung/register.php
[Tue Jan 15 14:43:09.108388 2019] [php7:crit] [pid 21056:tid 1972] [client ::1:57574] PHP Parse error:  syntax error, unexpected '}' in G:\\PHP\\xampp\\htdocs\\registrierung\\server.php on line 78, referer: http://localhost/registrierung/login.php
[Tue Jan 15 14:44:54.744569 2019] [php7:crit] [pid 21056:tid 1932] [client ::1:57792] PHP Parse error:  syntax error, unexpected '}' in G:\\PHP\\xampp\\htdocs\\registrierung\\server.php on line 78
[Tue Jan 15 14:45:01.231092 2019] [php7:crit] [pid 21056:tid 1972] [client ::1:57793] PHP Parse error:  syntax error, unexpected '}' in G:\\PHP\\xampp\\htdocs\\registrierung\\server.php on line 78
[Tue Jan 15 14:45:46.811172 2019] [php7:crit] [pid 21056:tid 1932] [client ::1:57913] PHP Parse error:  syntax error, unexpected '}' in G:\\PHP\\xampp\\htdocs\\registrierung\\server.php on line 78
[Tue Jan 15 14:46:52.259491 2019] [php7:warn] [pid 21056:tid 1972] [client ::1:58044] PHP Warning:  mysqli_num_rows() expects parameter 1 to be mysqli_result, boolean given in G:\\PHP\\xampp\\htdocs\\registrierung\\server.php on line 71, referer: http://localhost/registrierung/login.php
[Tue Jan 15 14:48:59.299400 2019] [php7:warn] [pid 21056:tid 1932] [client ::1:58336] PHP Warning:  mysqli_num_rows() expects parameter 1 to be mysqli_result, boolean given in G:\\PHP\\xampp\\htdocs\\registrierung\\server.php on line 71, referer: http://localhost/registrierung/login.php
[Tue Jan 15 14:52:35.991131 2019] [php7:warn] [pid 21056:tid 1972] [client ::1:58806] PHP Warning:  mysqli_num_rows() expects parameter 1 to be mysqli_result, boolean given in G:\\PHP\\xampp\\htdocs\\registrierung\\server.php on line 71, referer: http://localhost/registrierung/login.php
[Tue Jan 15 14:52:41.540032 2019] [php7:warn] [pid 21056:tid 1932] [client ::1:58807] PHP Warning:  mysqli_num_rows() expects parameter 1 to be mysqli_result, boolean given in G:\\PHP\\xampp\\htdocs\\registrierung\\server.php on line 71, referer: http://localhost/registrierung/login.php
[Tue Jan 15 14:53:02.814691 2019] [php7:warn] [pid 21056:tid 1972] [client ::1:58848] PHP Warning:  mysqli_num_rows() expects parameter 1 to be mysqli_result, boolean given in G:\\PHP\\xampp\\htdocs\\registrierung\\server.php on line 71, referer: http://localhost/registrierung/login.php
[Tue Jan 15 14:55:31.204626 2019] [php7:warn] [pid 21056:tid 1932] [client ::1:59179] PHP Warning:  mysqli_num_rows() expects parameter 1 to be mysqli_result, boolean given in G:\\PHP\\xampp\\htdocs\\registrierung\\server.php on line 71, referer: http://localhost/registrierung/login.php
[Tue Jan 15 14:58:48.043875 2019] [php7:warn] [pid 21056:tid 1932] [client ::1:59610] PHP Warning:  mysqli_num_rows() expects parameter 1 to be mysqli_result, boolean given in G:\\PHP\\xampp\\htdocs\\registrierung\\server.php on line 71, referer: http://localhost/registrierung/login.php
[Tue Jan 15 15:02:11.035683 2019] [php7:warn] [pid 21056:tid 1956] [client ::1:60008] PHP Warning:  mysqli_num_rows() expects parameter 1 to be mysqli_result, boolean given in G:\\PHP\\xampp\\htdocs\\registrierung\\server.php on line 71, referer: http://localhost/registrierung/login.php
[Tue Jan 15 15:02:12.850679 2019] [php7:warn] [pid 21056:tid 1956] [client ::1:60008] PHP Warning:  mysqli_num_rows() expects parameter 1 to be mysqli_result, boolean given in G:\\PHP\\xampp\\htdocs\\registrierung\\server.php on line 71, referer: http://localhost/registrierung/login.php
[Tue Jan 15 15:02:17.507060 2019] [php7:warn] [pid 21056:tid 1956] [client ::1:60008] PHP Warning:  mysqli_num_rows() expects parameter 1 to be mysqli_result, boolean given in G:\\PHP\\xampp\\htdocs\\registrierung\\server.php on line 71, referer: http://localhost/registrierung/login.php
[Tue Jan 15 15:03:23.295005 2019] [php7:warn] [pid 21056:tid 1932] [client ::1:60159] PHP Warning:  mysqli_num_rows() expects parameter 1 to be mysqli_result, boolean given in G:\\PHP\\xampp\\htdocs\\registrierung\\server.php on line 71, referer: http://localhost/registrierung/login.php
[Tue Jan 15 15:03:27.497517 2019] [php7:warn] [pid 21056:tid 1932] [client ::1:60159] PHP Warning:  mysqli_num_rows() expects parameter 1 to be mysqli_result, boolean given in G:\\PHP\\xampp\\htdocs\\registrierung\\server.php on line 71, referer: http://localhost/registrierung/login.php
[Tue Jan 15 15:04:34.293718 2019] [php7:warn] [pid 21056:tid 1956] [client ::1:60302] PHP Warning:  mysqli_num_rows() expects parameter 1 to be mysqli_result, boolean given in G:\\PHP\\xampp\\htdocs\\registrierung\\server.php on line 71, referer: http://localhost/registrierung/login.php
[Tue Jan 15 15:04:40.463423 2019] [php7:warn] [pid 21056:tid 1956] [client ::1:60302] PHP Warning:  mysqli_num_rows() expects parameter 1 to be mysqli_result, boolean given in G:\\PHP\\xampp\\htdocs\\registrierung\\server.php on line 71, referer: http://localhost/registrierung/login.php
[Tue Jan 15 15:12:20.046318 2019] [php7:warn] [pid 21056:tid 1932] [client ::1:61251] PHP Warning:  mysqli_num_rows() expects parameter 1 to be mysqli_result, boolean given in G:\\PHP\\xampp\\htdocs\\registrierung\\server.php on line 71, referer: http://localhost/registrierung/login.php
[Tue Jan 15 15:12:27.217624 2019] [php7:warn] [pid 21056:tid 1932] [client ::1:61251] PHP Warning:  mysqli_num_rows() expects parameter 1 to be mysqli_result, boolean given in G:\\PHP\\xampp\\htdocs\\registrierung\\server.php on line 71, referer: http://localhost/registrierung/login.php
[Tue Jan 15 17:16:23.903614 2019] [ssl:warn] [pid 20428:tid 672] AH01909: www.example.com:443:0 server certificate does NOT include an ID which matches the server name
[Tue Jan 15 17:16:23.971675 2019] [core:warn] [pid 20428:tid 672] AH00098: pid file G:/PHP/xampp/apache/logs/httpd.pid overwritten -- Unclean shutdown of previous Apache run?
[Tue Jan 15 17:16:23.976688 2019] [ssl:warn] [pid 20428:tid 672] AH01909: www.example.com:443:0 server certificate does NOT include an ID which matches the server name
[Tue Jan 15 17:16:24.708979 2019] [mpm_winnt:notice] [pid 20428:tid 672] AH00455: Apache/2.4.37 (Win32) OpenSSL/1.1.1 PHP/7.2.12 configured -- resuming normal operations
[Tue Jan 15 17:16:24.708979 2019] [mpm_winnt:notice] [pid 20428:tid 672] AH00456: Apache Lounge VC15 Server built: Oct 18 2018 17:16:04
[Tue Jan 15 17:16:24.708979 2019] [core:notice] [pid 20428:tid 672] AH00094: Command line: 'g:\\php\\xampp\\apache\\bin\\httpd.exe -d G:/PHP/xampp/apache'
[Tue Jan 15 17:16:24.723993 2019] [mpm_winnt:notice] [pid 20428:tid 672] AH00418: Parent: Created child process 16952
[Tue Jan 15 17:16:25.281754 2019] [ssl:warn] [pid 16952:tid 688] AH01909: www.example.com:443:0 server certificate does NOT include an ID which matches the server name
[Tue Jan 15 17:16:25.320790 2019] [ssl:warn] [pid 16952:tid 688] AH01909: www.example.com:443:0 server certificate does NOT include an ID which matches the server name
[Tue Jan 15 17:16:25.350817 2019] [mpm_winnt:notice] [pid 16952:tid 688] AH00354: Child: Starting 150 worker threads.
[Tue Jan 15 17:21:18.359517 2019] [ssl:warn] [pid 10044:tid 704] AH01909: www.example.com:443:0 server certificate does NOT include an ID which matches the server name
[Tue Jan 15 17:21:18.397542 2019] [core:warn] [pid 10044:tid 704] AH00098: pid file G:/PHP/xampp/apache/logs/httpd.pid overwritten -- Unclean shutdown of previous Apache run?
[Tue Jan 15 17:21:18.400544 2019] [ssl:warn] [pid 10044:tid 704] AH01909: www.example.com:443:0 server certificate does NOT include an ID which matches the server name
[Tue Jan 15 17:21:18.426567 2019] [mpm_winnt:notice] [pid 10044:tid 704] AH00455: Apache/2.4.37 (Win32) OpenSSL/1.1.1 PHP/7.2.12 configured -- resuming normal operations
[Tue Jan 15 17:21:18.426567 2019] [mpm_winnt:notice] [pid 10044:tid 704] AH00456: Apache Lounge VC15 Server built: Oct 18 2018 17:16:04
[Tue Jan 15 17:21:18.426567 2019] [core:notice] [pid 10044:tid 704] AH00094: Command line: 'g:\\php\\xampp\\apache\\bin\\httpd.exe -d G:/PHP/xampp/apache'
[Tue Jan 15 17:21:18.436577 2019] [mpm_winnt:notice] [pid 10044:tid 704] AH00418: Parent: Created child process 7648
[Tue Jan 15 17:21:18.951817 2019] [ssl:warn] [pid 7648:tid 688] AH01909: www.example.com:443:0 server certificate does NOT include an ID which matches the server name
[Tue Jan 15 17:21:18.988851 2019] [ssl:warn] [pid 7648:tid 688] AH01909: www.example.com:443:0 server certificate does NOT include an ID which matches the server name
[Tue Jan 15 17:21:19.015876 2019] [mpm_winnt:notice] [pid 7648:tid 688] AH00354: Child: Starting 150 worker threads.
